Generated at 2015-07-23 01:04:58 +0000
Chef::Exceptions::CookbookNotFound: Cookbook apt not found. If you're loading apt from another cookbook, make sure you configure the dependency in your metadata
/opt/chefdk/embedded/apps/chef/lib/chef/cookbook/cookbook_collection.rb:38:in `block in initialize'
/opt/chefdk/embedded/lib/ruby/gems/2.1.0/gems/ohai-8.4.0/lib/ohai/mash.rb:77:in `yield'
/opt/chefdk/embedded/lib/ruby/gems/2.1.0/gems/ohai-8.4.0/lib/ohai/mash.rb:77:in `default'
/opt/chefdk/embedded/lib/ruby/gems/2.1.0/gems/ohai-8.4.0/lib/ohai/mash.rb:77:in `default'
/opt/chefdk/embedded/apps/chef/lib/chef/run_context.rb:172:in `[]'
/opt/chefdk/embedded/apps/chef/lib/chef/run_context.rb:172:in `load_recipe'
/opt/chefdk/embedded/apps/chef/lib/chef/run_context.rb:142:in `block in include_recipe'
/opt/chefdk/embedded/apps/chef/lib/chef/run_context.rb:141:in `each'
/opt/chefdk/embedded/apps/chef/lib/chef/run_context.rb:141:in `include_recipe'
/opt/chefdk/embedded/apps/chef/lib/chef/dsl/include_recipe.rb:26:in `include_recipe'
/home/vagrant/.chef/cookbooks/jenkins/recipes/default.rb:10:in `from_file'
/opt/chefdk/embedded/apps/chef/lib/chef/mixin/from_file.rb:30:in `instance_eval'
/opt/chefdk/embedded/apps/chef/lib/chef/mixin/from_file.rb:30:in `from_file'
/opt/chefdk/embedded/apps/chef/lib/chef/cookbook_version.rb:228:in `load_recipe'
/opt/chefdk/embedded/apps/chef/lib/chef/run_context.rb:173:in `load_recipe'
/opt/chefdk/embedded/apps/chef/lib/chef/run_context/cookbook_compiler.rb:140:in `block in compile_recipes'
/opt/chefdk/embedded/apps/chef/lib/chef/run_context/cookbook_compiler.rb:138:in `each'
/opt/chefdk/embedded/apps/chef/lib/chef/run_context/cookbook_compiler.rb:138:in `compile_recipes'
/opt/chefdk/embedded/apps/chef/lib/chef/run_context/cookbook_compiler.rb:75:in `compile'
/opt/chefdk/embedded/apps/chef/lib/chef/run_context.rb:96:in `load'
/opt/chefdk/embedded/apps/chef/lib/chef/policy_builder/expand_node_object.rb:87:in `setup_run_context'
/opt/chefdk/embedded/apps/chef/lib/chef/client.rb:256:in `setup_run_context'
/opt/chefdk/embedded/apps/chef/lib/chef/client.rb:454:in `run'
/opt/chefdk/embedded/apps/chef/lib/chef/application.rb:271:in `block in fork_chef_client'
/opt/chefdk/embedded/apps/chef/lib/chef/application.rb:259:in `fork'
/opt/chefdk/embedded/apps/chef/lib/chef/application.rb:259:in `fork_chef_client'
/opt/chefdk/embedded/apps/chef/lib/chef/application.rb:225:in `block in run_chef_client'
/opt/chefdk/embedded/apps/chef/lib/chef/local_mode.rb:39:in `with_server_connectivity'
/opt/chefdk/embedded/apps/chef/lib/chef/application.rb:213:in `run_chef_client'
/opt/chefdk/embedded/apps/chef/lib/chef/application/solo.rb:280:in `block in interval_run_chef_client'
/opt/chefdk/embedded/apps/chef/lib/chef/application/solo.rb:269:in `loop'
/opt/chefdk/embedded/apps/chef/lib/chef/application/solo.rb:269:in `interval_run_chef_client'
/opt/chefdk/embedded/apps/chef/lib/chef/application/solo.rb:247:in `run_application'
/opt/chefdk/embedded/apps/chef/lib/chef/application.rb:60:in `run'
/opt/chefdk/embedded/apps/chef/bin/chef-solo:25:in `<top (required)>'
/usr/bin/chef-solo:51:in `load'
/usr/bin/chef-solo:51:in `<main>'